{"C:\\Users\\PC DWN LITE\\Desktop\\API_DEV\\src\\docs\\swagger.ts": {"path":"C:\\Users\\PC DWN LITE\\Desktop\\API_DEV\\src\\docs\\swagger.ts","statementMap":{"0":{"start":{"line":1,"column":0},"end":{"line":1,"column":74}},"1":{"start":{"line":3,"column":42},"end":{"line":81,"column":2}},"2":{"start":{"line":83,"column":36},"end":{"line":86,"column":2}},"3":{"start":{"line":88,"column":0},"end":{"line":88,"column":44}}},"fnMap":{},"branchMap":{},"s":{"0":2,"1":2,"2":2,"3":2},"f":{},"b":{}}
,"C:\\Users\\PC DWN LITE\\Desktop\\API_DEV\\src\\model\\server.ts": {"path":"C:\\Users\\PC DWN LITE\\Desktop\\API_DEV\\src\\model\\server.ts","statementMap":{"0":{"start":{"line":1,"column":0},"end":{"line":1,"column":47}},"1":{"start":{"line":2,"column":0},"end":{"line":2,"column":42}},"2":{"start":{"line":3,"column":0},"end":{"line":3,"column":43}},"3":{"start":{"line":4,"column":0},"end":{"line":4,"column":39}},"4":{"start":{"line":5,"column":0},"end":{"line":5,"column":47}},"5":{"start":{"line":6,"column":0},"end":{"line":6,"column":49}},"6":{"start":{"line":7,"column":0},"end":{"line":7,"column":24}},"7":{"start":{"line":9,"column":0},"end":{"line":9,"column":44}},"8":{"start":{"line":16,"column":12},"end":{"line":21,"column":6}},"9":{"start":{"line":24,"column":8},"end":{"line":24,"column":29}},"10":{"start":{"line":25,"column":8},"end":{"line":25,"column":47}},"11":{"start":{"line":28,"column":8},"end":{"line":28,"column":26}},"12":{"start":{"line":29,"column":8},"end":{"line":29,"column":27}},"13":{"start":{"line":30,"column":8},"end":{"line":30,"column":22}},"14":{"start":{"line":35,"column":8},"end":{"line":35,"column":29}},"15":{"start":{"line":40,"column":8},"end":{"line":40,"column":31}},"16":{"start":{"line":43,"column":8},"end":{"line":43,"column":39}},"17":{"start":{"line":46,"column":8},"end":{"line":46,"column":49}},"18":{"start":{"line":51,"column":8},"end":{"line":51,"column":54}},"19":{"start":{"line":52,"column":8},"end":{"line":52,"column":90}},"20":{"start":{"line":53,"column":8},"end":{"line":53,"column":62}},"21":{"start":{"line":54,"column":8},"end":{"line":54,"column":64}},"22":{"start":{"line":58,"column":8},"end":{"line":60,"column":11}},"23":{"start":{"line":59,"column":12},"end":{"line":59,"column":80}},"24":{"start":{"line":68,"column":0},"end":{"line":68,"column":22}}},"fnMap":{"0":{"name":"(anonymous_8)","decl":{"start":{"line":23,"column":4},"end":{"line":23,"column":null}},"loc":{"start":{"line":23,"column":4},"end":{"line":32,"column":5}}},"1":{"name":"(anonymous_9)","decl":{"start":{"line":34,"column":10},"end":{"line":34,"column":20}},"loc":{"start":{"line":34,"column":20},"end":{"line":36,"column":null}}},"2":{"name":"(anonymous_11)","decl":{"start":{"line":38,"column":4},"end":{"line":38,"column":15}},"loc":{"start":{"line":38,"column":15},"end":{"line":48,"column":5}}},"3":{"name":"(anonymous_12)","decl":{"start":{"line":50,"column":4},"end":{"line":50,"column":10}},"loc":{"start":{"line":50,"column":10},"end":{"line":55,"column":5}}},"4":{"name":"(anonymous_13)","decl":{"start":{"line":57,"column":4},"end":{"line":57,"column":10}},"loc":{"start":{"line":57,"column":10},"end":{"line":61,"column":5}}},"5":{"name":"(anonymous_14)","decl":{"start":{"line":58,"column":35},"end":{"line":58,"column":38}},"loc":{"start":{"line":58,"column":40},"end":{"line":60,"column":9}}}},"branchMap":{"0":{"loc":{"start":{"line":25,"column":20},"end":{"line":25,"column":46}},"type":"binary-expr","locations":[{"start":{"line":25,"column":20},"end":{"line":25,"column":36}},{"start":{"line":25,"column":40},"end":{"line":25,"column":46}}]}},"s":{"0":2,"1":2,"2":2,"3":2,"4":2,"5":2,"6":2,"7":2,"8":2,"9":2,"10":2,"11":2,"12":2,"13":2,"14":2,"15":2,"16":2,"17":2,"18":2,"19":2,"20":2,"21":2,"22":0,"23":0,"24":2},"f":{"0":2,"1":2,"2":2,"3":2,"4":0,"5":0},"b":{"0":[2,2]}}
,"C:\\Users\\PC DWN LITE\\Desktop\\API_DEV\\src\\routes\\auth.ts": {"path":"C:\\Users\\PC DWN LITE\\Desktop\\API_DEV\\src\\routes\\auth.ts","statementMap":{"0":{"start":{"line":1,"column":0},"end":{"line":1,"column":33}},"1":{"start":{"line":2,"column":0},"end":{"line":2,"column":42}},"2":{"start":{"line":5,"column":38},"end":{"line":5,"column":63}},"3":{"start":{"line":7,"column":0},"end":{"line":7,"column":52}},"4":{"start":{"line":9,"column":15},"end":{"line":9,"column":23}},"5":{"start":{"line":36,"column":0},"end":{"line":40,"column":10}},"6":{"start":{"line":42,"column":0},"end":{"line":42,"column":42}},"7":{"start":{"line":45,"column":0},"end":{"line":45,"column":22}}},"fnMap":{},"branchMap":{},"s":{"0":2,"1":2,"2":2,"3":2,"4":2,"5":2,"6":2,"7":2},"f":{},"b":{}}
,"C:\\Users\\PC DWN LITE\\Desktop\\API_DEV\\src\\routes\\productos.ts": {"path":"C:\\Users\\PC DWN LITE\\Desktop\\API_DEV\\src\\routes\\productos.ts","statementMap":{"0":{"start":{"line":1,"column":0},"end":{"line":1,"column":42}},"1":{"start":{"line":2,"column":0},"end":{"line":2,"column":33}},"2":{"start":{"line":3,"column":0},"end":{"line":3,"column":null}},"3":{"start":{"line":10,"column":0},"end":{"line":10,"column":49}},"4":{"start":{"line":11,"column":0},"end":{"line":11,"column":59}},"5":{"start":{"line":12,"column":0},"end":{"line":12,"column":59}},"6":{"start":{"line":14,"column":15},"end":{"line":14,"column":23}},"7":{"start":{"line":29,"column":0},"end":{"line":29,"column":34}},"8":{"start":{"line":52,"column":0},"end":{"line":60,"column":2}},"9":{"start":{"line":87,"column":0},"end":{"line":95,"column":2}},"10":{"start":{"line":129,"column":0},"end":{"line":138,"column":2}},"11":{"start":{"line":163,"column":0},"end":{"line":173,"column":2}},"12":{"start":{"line":175,"column":0},"end":{"line":175,"column":22}}},"fnMap":{},"branchMap":{},"s":{"0":2,"1":2,"2":2,"3":2,"4":2,"5":2,"6":2,"7":2,"8":2,"9":2,"10":2,"11":2,"12":2},"f":{},"b":{}}
}
