TN:
SF:src\docs\swagger.ts
FNF:0
FNH:0
DA:1,2
DA:3,2
DA:83,2
DA:88,2
LF:4
LH:4
BRF:0
BRH:0
end_of_record
TN:
SF:src\model\server.ts
FN:23,(anonymous_8)
FN:34,(anonymous_9)
FN:38,(anonymous_11)
FN:50,(anonymous_12)
FN:57,(anonymous_13)
FN:58,(anonymous_14)
FNF:6
FNH:4
FNDA:2,(anonymous_8)
FNDA:2,(anonymous_9)
FNDA:2,(anonymous_11)
FNDA:2,(anonymous_12)
FNDA:0,(anonymous_13)
FNDA:0,(anonymous_14)
DA:1,2
DA:2,2
DA:3,2
DA:4,2
DA:5,2
DA:6,2
DA:7,2
DA:9,2
DA:16,2
DA:24,2
DA:25,2
DA:28,2
DA:29,2
DA:30,2
DA:35,2
DA:40,2
DA:43,2
DA:46,2
DA:51,2
DA:52,2
DA:53,2
DA:54,2
DA:58,0
DA:59,0
DA:68,2
LF:25
LH:23
BRDA:25,0,0,2
BRDA:25,0,1,2
BRF:2
BRH:2
end_of_record
TN:
SF:src\routes\auth.ts
FNF:0
FNH:0
DA:1,2
DA:2,2
DA:5,2
DA:7,2
DA:9,2
DA:36,2
DA:42,2
DA:45,2
LF:8
LH:8
BRF:0
BRH:0
end_of_record
TN:
SF:src\routes\productos.ts
FNF:0
FNH:0
DA:1,2
DA:2,2
DA:3,2
DA:10,2
DA:11,2
DA:12,2
DA:14,2
DA:29,2
DA:52,2
DA:87,2
DA:129,2
DA:163,2
DA:175,2
LF:13
LH:13
BRF:0
BRH:0
end_of_record
